<?xml version="1.0" encoding="UTF-8" ?>
<testsuite tests="20" failures="0" name="com.dev9.web.SearchTest" time="3.039" errors="0" skipped="0">
  <properties>
[...]
</properties>
  <testcase classname="Scenario: Search results should display the search term in the page title when pressing \&quot;enter\&quot;" name="Given A Google search page" time="0"/>
  <testcase classname="Scenario: Search results should display the search term in the page title when pressing \&quot;enter\&quot;" name="When I enter the search term \&quot;cats\&quot;" time="0"/>
  <testcase classname="Scenario: Search results should display the search term in the page title when pressing \&quot;enter\&quot;" name="And I submit the search by pressing \&quot;enter\&quot;" time="0"/>
  <testcase classname="Scenario: Search results should display the search term in the page title when pressing \&quot;enter\&quot;" name="Then The search result page title should contain the search term" time="0"/>
  <testcase classname="Scenario: Search results should display the search term in the page title when pressing \&quot;enter\&quot;" name="Scenario: Search results should display the search term in the page title when pressing \&quot;enter\&quot;" time="0.905"/>
  <testcase classname="Scenario: Search results should display the search term in the page title when pressing \&quot;search\&quot;" name="Given A Google search page" time="0"/>
  <testcase classname="Scenario: Search results should display the search term in the page title when pressing \&quot;search\&quot;" name="When I enter the search term \&quot;dogs\&quot;" time="0"/>
  <testcase classname="Scenario: Search results should display the search term in the page title when pressing \&quot;search\&quot;" name="And I submit the search by pressing \&quot;search\&quot;" time="0"/>
  <testcase classname="Scenario: Search results should display the search term in the page title when pressing \&quot;search\&quot;" name="Then The search result page title should contain the search term" time="0"/>
  <testcase classname="Scenario: Search results should display the search term in the page title when pressing \&quot;search\&quot;" name="Scenario: Search results should display the search term in the page title when pressing \&quot;search\&quot;" time="0.679"/>
  <testcase classname="| cats | enter |" name="Given A Google search page" time="0"/>
  <testcase classname="| cats | enter |" name="When I enter the search term \&quot;cats\&quot;" time="0"/>
  <testcase classname="| cats | enter |" name="And I submit the search by pressing \&quot;enter\&quot;" time="0"/>
  <testcase classname="| cats | enter |" name="Then The search result page title should contain the search term" time="0"/>
  <testcase classname="| cats | enter |" name="| cats | enter |" time="0.703"/>
  <testcase classname="| dogs | search |" name="Given A Google search page" time="0"/>
  <testcase classname="| dogs | search |" name="When I enter the search term \&quot;dogs\&quot;" time="0.001"/>
  <testcase classname="| dogs | search |" name="And I submit the search by pressing \&quot;search\&quot;" time="0"/>
  <testcase classname="| dogs | search |" name="Then The search result page title should contain the search term" time="0"/>
  <testcase classname="| dogs | search |" name="| dogs | search |" time="0.751"/>
</testsuite>